This file contains any messages produced by compilers while
running configure, to aid debugging if configure makes a mistake.

It was created by THIS_IS_SHORE_KITS configure 2.1, which was
generated by GNU Autoconf 2.68.  Invocation command line was

  $ ./configure --enable-shore6 --enable-debug --enable-dbgsymbols SHORE_HOME=../shoreMT-HPL/

## --------- ##
## Platform. ##
## --------- ##

hostname = timbuktu-Aspire
uname -m = x86_64
uname -r = 3.2.0-39-generic
uname -s = Linux
uname -v = #62-Ubuntu SMP Thu Feb 28 00:28:53 UTC 2013

/usr/bin/uname -p = unknown
/bin/uname -X     = unknown

/bin/arch              = unknown
/usr/bin/arch -k       = unknown
/usr/convex/getsysinfo = unknown
/usr/bin/hostinfo      = unknown
/bin/machine           = unknown
/usr/bin/oslevel       = unknown
/bin/universe          = unknown

PATH: /usr/local/sbin
PATH: /usr/local/bin
PATH: /usr/sbin
PATH: /usr/bin
PATH: /sbin
PATH: /bin
PATH: /usr/games


## ----------- ##
## Core tests. ##
## ----------- ##

configure:1885: checking build system type
configure:1899: result: x86_64-unknown-linux-gnu
configure:1919: checking host system type
configure:1932: result: x86_64-unknown-linux-gnu
configure:1952: checking target system type
configure:1965: result: x86_64-unknown-linux-gnu
configure:2008: checking for a BSD-compatible install
configure:2076: result: /usr/bin/install -c
configure:2087: checking whether build environment is sane
configure:2137: result: yes
configure:2278: checking for a thread-safe mkdir -p
configure:2317: result: /bin/mkdir -p
configure:2330: checking for gawk
configure:2360: result: no
configure:2330: checking for mawk
configure:2346: found /usr/bin/mawk
configure:2357: result: mawk
configure:2368: checking whether make sets $(MAKE)
configure:2390: result: yes
configure:2530: checking for g++
configure:2546: found /usr/bin/g++
configure:2557: result: g++
configure:2584: checking for C++ compiler version
configure:2593: g++ --version >&5
g++ (Ubuntu/Linaro 4.6.3-1ubuntu5) 4.6.3
Copyright (C) 2011 Free Software Foundation, Inc.
This is free software; see the source for copying conditions.  There is NO
warranty; not even for MERCHANTABILITY or FITNESS FOR A PARTICULAR PURPOSE.

configure:2604: $? = 0
configure:2593: g++ -v >&5
Using built-in specs.
COLLECT_GCC=g++
COLLECT_LTO_WRAPPER=/usr/lib/gcc/x86_64-linux-gnu/4.6/lto-wrapper
Target: x86_64-linux-gnu
Configured with: ../src/configure -v --with-pkgversion='Ubuntu/Linaro 4.6.3-1ubuntu5' --with-bugurl=file:///usr/share/doc/gcc-4.6/README.Bugs --enable-languages=c,c++,fortran,objc,obj-c++ --prefix=/usr --program-suffix=-4.6 --enable-shared --enable-linker-build-id --with-system-zlib --libexecdir=/usr/lib --without-included-gettext --enable-threads=posix --with-gxx-include-dir=/usr/include/c++/4.6 --libdir=/usr/lib --enable-nls --with-sysroot=/ --enable-clocale=gnu --enable-libstdcxx-debug --enable-libstdcxx-time=yes --enable-gnu-unique-object --enable-plugin --enable-objc-gc --disable-werror --with-arch-32=i686 --with-tune=generic --enable-checking=release --build=x86_64-linux-gnu --host=x86_64-linux-gnu --target=x86_64-linux-gnu
Thread model: posix
gcc version 4.6.3 (Ubuntu/Linaro 4.6.3-1ubuntu5) 
configure:2604: $? = 0
configure:2593: g++ -V >&5
g++: error: unrecognized option '-V'
g++: fatal error: no input files
compilation terminated.
configure:2604: $? = 4
configure:2593: g++ -qversion >&5
g++: error: unrecognized option '-qversion'
g++: fatal error: no input files
compilation terminated.
configure:2604: $? = 4
configure:2624: checking whether the C++ compiler works
configure:2646: g++    conftest.cpp  >&5
configure:2650: $? = 0
configure:2698: result: yes
configure:2701: checking for C++ compiler default output file name
configure:2703: result: a.out
configure:2709: checking for suffix of executables
configure:2716: g++ -o conftest    conftest.cpp  >&5
configure:2720: $? = 0
configure:2742: result: 
configure:2764: checking whether we are cross compiling
configure:2772: g++ -o conftest    conftest.cpp  >&5
configure:2776: $? = 0
configure:2783: ./conftest
configure:2787: $? = 0
configure:2802: result: no
configure:2807: checking for suffix of object files
configure:2829: g++ -c   conftest.cpp >&5
configure:2833: $? = 0
configure:2854: result: o
configure:2858: checking whether we are using the GNU C++ compiler
configure:2877: g++ -c   conftest.cpp >&5
configure:2877: $? = 0
configure:2886: result: yes
configure:2895: checking whether g++ accepts -g
configure:2915: g++ -c -g  conftest.cpp >&5
configure:2915: $? = 0
configure:2956: result: yes
configure:2990: checking for style of include used by make
configure:3018: result: GNU
configure:3044: checking dependency style of g++
configure:3155: result: gcc3
configure:3213: checking for ranlib
configure:3229: found /usr/bin/ranlib
configure:3240: result: ranlib
configure:3263: Configuring Shore Kits
configure:3273: checking for grep that handles long lines and -e
configure:3331: result: /bin/grep
configure:3336: checking for egrep
configure:3398: result: /bin/grep -E
configure:3423: checking CXX
configure:3425: result: g++
configure:3471: checking compiler version
configure:3480: result: 4.6.3
configure:3501: checking Readline location
configure:3513: result: /usr
configure:3526: checking Shore directory
configure:3545: result: ../shoreMT-HPL/
configure:3555: checking Home directory
configure:3558: result: /home/timbuktu/simulator/shoreMT/shoreMT-KIT-NSM
configure:3611: result: configuring for linux/x86_64
configure:3714: checking whether will compile for debugging
configure:3730: result: yes
configure:3743: checking whether will compile for profiling
configure:3765: result: no
configure:3773: checking whether will use debug symbols
configure:3789: result: yes
configure:3851: checking whether using Shore-MT or Shore-SM-6.X.X
configure:3875: result: yes
configure:3878: WARNING: Using Shore-SM-6.X.X
configure:3895: checking whether to enable FLUSHER/GROUPCOMMIT option
configure:3934: result: no
configure:3941: checking whether to use caches
configure:3965: result: yes
configure:3980: checking whether to add the Simics magic instructions
configure:4012: result: no
configure:4019: checking whether to enable backtracing
configure:4051: result: no
configure:4059: checking whether to enable the hacks
configure:4091: result: no
configure:4098: checking whether to enable qpipe
configure:4130: result: no
configure:4364: creating ./config.status

## ---------------------- ##
## Running config.status. ##
## ---------------------- ##

This file was extended by THIS_IS_SHORE_KITS config.status 2.1, which was
generated by GNU Autoconf 2.68.  Invocation command line was

  CONFIG_FILES    = 
  CONFIG_HEADERS  = 
  CONFIG_LINKS    = 
  CONFIG_COMMANDS = 
  $ ./config.status 

on timbuktu-Aspire

config.status:823: creating Makefile
config.status:995: executing depfiles commands

## ---------------- ##
## Cache variables. ##
## ---------------- ##

ac_cv_build=x86_64-unknown-linux-gnu
ac_cv_cxx_compiler_gnu=yes
ac_cv_env_CCC_set=
ac_cv_env_CCC_value=
ac_cv_env_CPPFLAGS_set=
ac_cv_env_CPPFLAGS_value=
ac_cv_env_CXXFLAGS_set=
ac_cv_env_CXXFLAGS_value=
ac_cv_env_CXX_set=
ac_cv_env_CXX_value=
ac_cv_env_LDFLAGS_set=
ac_cv_env_LDFLAGS_value=
ac_cv_env_LIBS_set=
ac_cv_env_LIBS_value=
ac_cv_env_READLINE_HOME_set=
ac_cv_env_READLINE_HOME_value=
ac_cv_env_SHORE_HOME_set=set
ac_cv_env_SHORE_HOME_value=../shoreMT-HPL/
ac_cv_env_build_alias_set=
ac_cv_env_build_alias_value=
ac_cv_env_host_alias_set=
ac_cv_env_host_alias_value=
ac_cv_env_target_alias_set=
ac_cv_env_target_alias_value=
ac_cv_host=x86_64-unknown-linux-gnu
ac_cv_objext=o
ac_cv_path_EGREP='/bin/grep -E'
ac_cv_path_GREP=/bin/grep
ac_cv_path_install='/usr/bin/install -c'
ac_cv_path_mkdir=/bin/mkdir
ac_cv_prog_AWK=mawk
ac_cv_prog_ac_ct_CXX=g++
ac_cv_prog_ac_ct_RANLIB=ranlib
ac_cv_prog_cxx_g=yes
ac_cv_prog_make_make_set=yes
ac_cv_target=x86_64-unknown-linux-gnu
am_cv_CXX_dependencies_compiler_type=gcc3

## ----------------- ##
## Output variables. ##
## ----------------- ##

ACLOCAL='${SHELL} /home/timbuktu/simulator/shoreMT/shoreMT-KIT-NSM/missing --run aclocal-1.11'
ADD_OPT_CACHES_FALSE='#'
ADD_OPT_CACHES_TRUE=''
AMDEPBACKSLASH='\'
AMDEP_FALSE='#'
AMDEP_TRUE=''
AMTAR='$${TAR-tar}'
ARCHOS='x86_64_LINUX'
AUTOCONF='${SHELL} /home/timbuktu/simulator/shoreMT/shoreMT-KIT-NSM/missing --run autoconf'
AUTOHEADER='${SHELL} /home/timbuktu/simulator/shoreMT/shoreMT-KIT-NSM/missing --run autoheader'
AUTOMAKE='${SHELL} /home/timbuktu/simulator/shoreMT/shoreMT-KIT-NSM/missing --run automake-1.11'
AWK='mawk'
CPPFLAGS=''
CXX='g++'
CXXDEPMODE='depmode=gcc3'
CXXFLAGS='-g -O0 -ggdb   -mtune=native -march=native -Wall -Wcast-align -Wextra -Wfloat-equal -Wno-return-type 	 -Wno-invalid-offsetof -Wno-conversion -Wno-system-headers -D_REENTRANT -DARCH_LP64 -m64  '
CYGPATH_W='echo'
DEFS='-DPACKAGE_NAME=\"THIS_IS_SHORE_KITS\" -DPACKAGE_TARNAME=\"this_is_shore_kits\" -DPACKAGE_VERSION=\"2.1\" -DPACKAGE_STRING=\"THIS_IS_SHORE_KITS\ 2.1\" -DPACKAGE_BUGREPORT=\"\" -DPACKAGE_URL=\"\" -DPACKAGE=\"this_is_shore_kits\" -DVERSION=\"2.1\" -DCFG_SHORE_6=1 -DCFG_CACHES=1'
DEPDIR='.deps'
ECHO_C=''
ECHO_N='-n'
ECHO_T=''
EGREP='/bin/grep -E'
EXEEXT=''
GCC_COMPILER='g++'
GREP='/bin/grep'
INSTALL_DATA='${INSTALL} -m 644'
INSTALL_PROGRAM='${INSTALL}'
INSTALL_SCRIPT='${INSTALL}'
INSTALL_STRIP_PROGRAM='$(install_sh) -c -s'
KITS_HOME='/home/timbuktu/simulator/shoreMT/shoreMT-KIT-NSM'
KITS_VERSION='shore-kits.2.1'
KITS_VERSION_MAJOR='shore-kits'
KITS_VERSION_MINOR='2'
KITS_VERSION_REV='1'
LDFLAGS='-lnsl -ldl -lm -lpthread -lrt  -lncurses'
LIBOBJS=''
LIBS=''
LINUX_OS_FALSE='#'
LINUX_OS_TRUE=''
LTLIBOBJS=''
MAKEINFO='${SHELL} /home/timbuktu/simulator/shoreMT/shoreMT-KIT-NSM/missing --run makeinfo'
MKDIR_P='/bin/mkdir -p'
OBJEXT='o'
PACKAGE='this_is_shore_kits'
PACKAGE_BUGREPORT=''
PACKAGE_NAME='THIS_IS_SHORE_KITS'
PACKAGE_STRING='THIS_IS_SHORE_KITS 2.1'
PACKAGE_TARNAME='this_is_shore_kits'
PACKAGE_URL=''
PACKAGE_VERSION='2.1'
PATH_SEPARATOR=':'
RANLIB='ranlib'
READLINE_HOME='/usr'
SET_MAKE=''
SHELL='/bin/bash'
SHORE_HOME='../shoreMT-HPL/'
SPARC_MACHINE_FALSE=''
SPARC_MACHINE_TRUE='#'
STRIP=''
USE_BT_FALSE=''
USE_BT_TRUE='#'
USE_FLUSHER_FALSE=''
USE_FLUSHER_TRUE='#'
USE_HACK_FALSE=''
USE_HACK_TRUE='#'
USE_QPIPE_FALSE=''
USE_QPIPE_TRUE='#'
USE_SHORE_6_FALSE='#'
USE_SHORE_6_TRUE=''
USE_SIMICS_FALSE=''
USE_SIMICS_TRUE='#'
VERSION='2.1'
ac_ct_CXX='g++'
am__EXEEXT_FALSE=''
am__EXEEXT_TRUE='#'
am__fastdepCXX_FALSE='#'
am__fastdepCXX_TRUE=''
am__include='include'
am__isrc=''
am__leading_dot='.'
am__nodep='_no'
am__quote=''
am__tar='$${TAR-tar} chof - "$$tardir"'
am__untar='$${TAR-tar} xf -'
bindir='${exec_prefix}/bin'
build='x86_64-unknown-linux-gnu'
build_alias=''
build_cpu='x86_64'
build_os='linux-gnu'
build_vendor='unknown'
datadir='${datarootdir}'
datarootdir='${prefix}/share'
docdir='${datarootdir}/doc/${PACKAGE_TARNAME}'
dvidir='${docdir}'
exec_prefix='${prefix}'
host='x86_64-unknown-linux-gnu'
host_alias=''
host_cpu='x86_64'
host_os='linux-gnu'
host_vendor='unknown'
htmldir='${docdir}'
includedir='${prefix}/include'
infodir='${datarootdir}/info'
install_sh='${SHELL} /home/timbuktu/simulator/shoreMT/shoreMT-KIT-NSM/install-sh'
libdir='${exec_prefix}/lib'
libexecdir='${exec_prefix}/libexec'
localedir='${datarootdir}/locale'
localstatedir='${prefix}/var'
mandir='${datarootdir}/man'
mkdir_p='/bin/mkdir -p'
oldincludedir='/usr/include'
pdfdir='${docdir}'
prefix='/usr/local'
program_transform_name='s,x,x,'
psdir='${docdir}'
sbindir='${exec_prefix}/sbin'
sharedstatedir='${prefix}/com'
sysconfdir='${prefix}/etc'
target='x86_64-unknown-linux-gnu'
target_alias=''
target_cpu='x86_64'
target_os='linux-gnu'
target_vendor='unknown'

## ----------- ##
## confdefs.h. ##
## ----------- ##

/* confdefs.h */
#define PACKAGE_NAME "THIS_IS_SHORE_KITS"
#define PACKAGE_TARNAME "this_is_shore_kits"
#define PACKAGE_VERSION "2.1"
#define PACKAGE_STRING "THIS_IS_SHORE_KITS 2.1"
#define PACKAGE_BUGREPORT ""
#define PACKAGE_URL ""
#define PACKAGE "this_is_shore_kits"
#define VERSION "2.1"
#define CFG_SHORE_6 1
#define CFG_CACHES 1

configure: exit 0
